SF:/data/Deep_Forge/Projects/nanobot_dart/lib/src/agent/context_builder.dart
DA:7,4
DA:16,4
DA:17,20
DA:21,2
DA:25,2
DA:27,2
DA:28,2
DA:29,2
DA:35,2
DA:40,2
DA:42,4
DA:47,1
DA:48,2
DA:50,1
DA:55,1
DA:61,4
DA:68,4
DA:69,4
DA:71,4
DA:72,4
DA:74,2
DA:75,2
DA:81,2
DA:82,2
DA:93,1
DA:94,3
DA:95,3
DA:96,1
DA:97,6
DA:99,3
LF:30
LH:30
end_of_record
SF:/data/Deep_Forge/Projects/nanobot_dart/lib/src/agent/tool_registry.dart
DA:11,4
DA:12,12
DA:16,1
DA:17,2
DA:21,4
DA:24,4
DA:25,24
DA:28,2
DA:29,6
DA:31,3
DA:35,4
DA:36,2
DA:37,2
DA:39,2
DA:40,2
DA:42,2
DA:62,12
DA:63,6
DA:64,6
DA:65,6
DA:71,6
DA:81,6
DA:83,3
DA:84,3
DA:85,3
DA:86,3
DA:93,3
DA:95,3
DA:96,3
DA:98,1
DA:99,1
LF:31
LH:31
end_of_record
SF:/data/Deep_Forge/Projects/nanobot_dart/lib/src/bus/events.dart
DA:3,9
DA:31,4
DA:36,5
DA:61,5
DA:70,8
DA:72,4
DA:76,4
DA:78,2
DA:82,2
DA:84,1
DA:88,2
DA:90,1
LF:12
LH:12
end_of_record
SF:/data/Deep_Forge/Projects/nanobot_dart/lib/src/providers/llm_provider.dart
DA:21,33
DA:30,16
DA:35,7
DA:41,3
DA:42,3
DA:43,3
DA:44,3
DA:45,3
DA:46,3
DA:59,2
DA:60,1
DA:62,3
LF:12
LH:12
end_of_record
SF:/data/Deep_Forge/Projects/nanobot_dart/lib/src/agent/agent_loop.dart
DA:27,3
DA:52,3
DA:58,6
DA:60,6
DA:62,1
DA:63,1
DA:70,3
DA:73,6
DA:75,6
DA:78,3
DA:80,2
DA:83,3
DA:84,2
DA:85,3
DA:89,3
DA:90,3
DA:97,1
DA:98,2
DA:103,1
DA:104,1
DA:122,1
DA:128,2
DA:130,2
DA:132,0
DA:133,0
DA:137,0
DA:142,1
DA:143,1
DA:146,1
DA:150,2
DA:152,2
DA:155,1
DA:158,1
DA:159,1
DA:162,1
DA:164,2
DA:167,3
DA:168,1
DA:171,1
DA:172,1
DA:175,2
DA:176,3
DA:179,1
DA:182,1
DA:186,1
DA:189,1
DA:190,1
DA:197,0
DA:200,0
DA:201,0
DA:204,1
DA:207,1
DA:208,1
DA:216,4
DA:240,4
DA:242,4
DA:265,1
DA:288,0
DA:290,0
DA:291,0
DA:292,0
DA:293,0
DA:296,0
DA:297,0
DA:299,0
LF:65
LH:51
end_of_record
SF:/data/Deep_Forge/Projects/nanobot_dart/lib/src/agent/memory/memory_store.dart
DA:11,4
DA:15,12
DA:16,12
DA:19,2
DA:20,2
DA:22,16
DA:23,4
DA:27,2
DA:28,4
DA:29,4
DA:31,4
DA:32,2
DA:33,2
DA:39,2
DA:40,4
DA:41,2
DA:42,2
DA:46,4
DA:47,8
DA:48,4
DA:49,2
DA:53,2
DA:54,4
DA:55,4
DA:56,2
DA:60,4
DA:61,4
DA:62,8
DA:63,4
DA:65,3
DA:66,6
DA:67,6
DA:69,24
DA:70,9
DA:71,3
DA:72,2
DA:79,4
DA:80,4
DA:83,4
DA:84,2
DA:85,4
DA:89,4
DA:90,4
DA:91,3
DA:94,4
LF:45
LH:45
end_of_record
SF:/data/Deep_Forge/Projects/nanobot_dart/lib/src/bus/message_bus.dart
DA:12,12
DA:15,6
DA:18,3
DA:21,4
DA:22,8
DA:23,12
DA:27,2
DA:28,4
DA:29,6
DA:33,1
DA:34,3
DA:38,1
DA:39,3
DA:43,3
DA:44,6
DA:45,6
DA:46,6
LF:17
LH:17
end_of_record
SF:/data/Deep_Forge/Projects/nanobot_dart/lib/src/skills/registry.dart
DA:11,2
DA:18,6
DA:19,6
DA:25,2
DA:27,4
DA:31,4
DA:32,2
DA:33,4
DA:38,1
DA:39,4
DA:40,2
DA:41,1
DA:42,1
DA:45,2
DA:46,2
DA:50,2
DA:52,3
DA:53,1
DA:56,2
DA:57,2
DA:62,2
DA:65,2
DA:68,2
DA:70,0
DA:77,2
DA:78,2
DA:79,2
DA:80,2
DA:83,2
DA:88,4
DA:92,2
DA:94,0
DA:98,4
DA:99,2
DA:100,4
DA:101,1
DA:103,6
DA:104,4
DA:107,2
DA:108,6
DA:110,1
DA:111,3
DA:117,0
DA:122,6
DA:125,8
DA:128,1
DA:129,2
DA:131,1
DA:132,3
DA:133,4
DA:134,2
DA:135,4
DA:137,2
DA:138,4
DA:141,1
LF:55
LH:52
end_of_record
SF:/data/Deep_Forge/Projects/nanobot_dart/lib/src/agent/memory/narrative_builder.dart
DA:7,1
DA:8,1
DA:9,1
DA:10,1
DA:11,1
DA:15,2
DA:16,2
DA:20,1
DA:23,1
DA:24,3
DA:27,2
DA:31,1
DA:32,1
DA:34,2
DA:36,2
DA:37,1
DA:38,2
DA:41,2
DA:45,1
DA:46,2
DA:48,2
DA:49,4
DA:51,2
DA:52,3
DA:53,2
DA:56,0
DA:59,1
DA:62,2
DA:66,1
DA:67,1
DA:69,2
DA:70,2
DA:71,3
DA:72,2
DA:73,4
DA:74,3
DA:75,2
DA:77,1
DA:79,0
DA:83,2
DA:87,1
DA:88,1
DA:90,1
DA:92,1
DA:93,2
DA:94,1
DA:97,1
DA:98,1
DA:99,1
DA:100,2
DA:101,2
DA:105,2
DA:108,1
DA:109,1
DA:110,4
LF:55
LH:53
end_of_record
SF:/data/Deep_Forge/Projects/nanobot_dart/lib/src/agent/nano_agent.dart
DA:20,2
DA:27,4
DA:29,4
DA:30,2
DA:31,2
DA:33,6
DA:34,4
DA:35,2
DA:36,2
DA:37,2
DA:38,2
DA:39,2
DA:40,4
DA:68,2
DA:71,6
DA:72,4
DA:75,2
DA:76,2
DA:78,2
DA:79,2
DA:82,4
DA:85,4
DA:86,2
DA:87,2
DA:88,0
DA:90,2
DA:93,2
DA:94,2
DA:95,2
DA:97,8
DA:101,2
DA:104,2
DA:105,2
DA:107,2
DA:108,2
DA:111,4
LF:36
LH:35
end_of_record
SF:/data/Deep_Forge/Projects/nanobot_dart/lib/src/agent/subagent.dart
DA:14,1
DA:20,3
DA:22,1
DA:23,2
DA:26,2
DA:32,1
DA:33,6
DA:36,1
DA:37,1
DA:38,1
DA:39,1
DA:40,1
DA:45,1
DA:46,6
DA:47,2
DA:50,1
DA:52,1
DA:53,1
DA:54,1
DA:56,1
DA:59,1
DA:62,1
DA:63,2
DA:66,0
DA:67,0
DA:73,1
DA:84,1
LF:27
LH:25
end_of_record
SF:/data/Deep_Forge/Projects/nanobot_dart/lib/src/agent/tools/filesystem.dart
DA:8,1
DA:14,1
DA:15,1
DA:20,2
DA:21,3
DA:23,1
DA:24,1
DA:25,1
DA:37,1
DA:39,0
DA:42,0
DA:46,0
DA:47,0
DA:49,0
DA:50,0
DA:56,0
DA:59,1
DA:61,1
DA:63,1
DA:65,1
DA:66,1
DA:68,1
DA:69,1
DA:72,1
DA:78,1
DA:80,0
DA:83,0
DA:87,0
DA:88,0
DA:90,0
DA:91,0
DA:96,0
DA:100,0
DA:107,0
DA:110,1
DA:112,1
DA:113,1
DA:114,1
DA:117,0
DA:120,0
DA:123,1
DA:124,1
DA:127,2
DA:130,1
DA:131,1
DA:133,1
DA:134,1
DA:141,1
DA:143,0
DA:146,0
DA:149,0
DA:150,0
DA:152,0
DA:153,0
DA:159,0
DA:162,1
DA:164,1
DA:165,1
DA:166,1
DA:168,1
DA:169,1
DA:172,2
DA:173,2
DA:175,2
DA:176,1
DA:178,2
DA:179,2
DA:180,2
DA:183,1
DA:184,1
DA:187,1
DA:193,1
DA:195,0
DA:198,0
DA:202,0
DA:203,0
DA:205,0
DA:206,0
DA:211,0
DA:215,0
DA:220,0
DA:223,1
DA:225,1
DA:226,1
DA:227,1
DA:230,0
DA:233,0
DA:236,0
DA:239,1
DA:240,1
DA:242,1
DA:243,1
DA:246,1
DA:248,1
DA:253,2
DA:254,1
DA:255,1
DA:259,1
DA:260,1
DA:262,1
LF:100
LH:63
end_of_record
SF:/data/Deep_Forge/Projects/nanobot_dart/lib/src/agent/tools/message.dart
DA:5,1
DA:8,1
DA:11,1
DA:12,1
DA:14,1
DA:15,1
DA:20,1
DA:23,1
DA:25,1
DA:29,1
LF:10
LH:10
end_of_record
SF:/data/Deep_Forge/Projects/nanobot_dart/lib/src/agent/tools/web.dart
DA:6,1
DA:11,1
DA:14,1
DA:18,1
DA:19,1
DA:21,1
DA:22,1
DA:27,1
DA:30,1
DA:32,1
DA:35,1
DA:41,1
DA:45,1
DA:48,1
DA:51,1
DA:52,1
DA:54,1
DA:55,1
DA:60,1
DA:63,1
DA:65,1
DA:66,1
DA:69,2
DA:70,2
DA:73,1
DA:75,2
DA:76,2
DA:80,3
DA:83,1
DA:84,0
LF:30
LH:29
end_of_record
SF:/data/Deep_Forge/Projects/nanobot_dart/lib/src/channels/base.dart
DA:6,4
DA:12,2
DA:17,1
DA:18,1
DA:22,2
DA:23,2
DA:30,3
DA:31,6
DA:33,3
DA:37,3
DA:41,3
DA:48,3
DA:52,3
DA:53,3
DA:61,6
LF:15
LH:15
end_of_record
SF:/data/Deep_Forge/Projects/nanobot_dart/lib/src/channels/manager.dart
DA:13,1
DA:20,1
DA:22,1
DA:24,2
DA:25,1
DA:26,4
DA:31,1
DA:33,2
DA:34,1
DA:35,4
DA:40,1
DA:41,2
DA:43,4
DA:45,2
DA:48,1
DA:49,2
DA:51,3
DA:52,1
DA:56,1
DA:57,2
DA:59,4
DA:61,3
DA:64,0
DA:66,0
DA:70,2
DA:71,0
DA:75,0
LF:27
LH:23
end_of_record
SF:/data/Deep_Forge/Projects/nanobot_dart/lib/src/channels/telegram.dart
DA:12,2
DA:23,2
DA:24,2
DA:25,2
DA:26,3
DA:27,2
DA:33,2
DA:35,1
DA:45,0
DA:47,0
DA:48,0
DA:49,0
DA:54,0
DA:55,0
DA:57,0
DA:58,0
DA:59,0
DA:61,0
DA:64,0
DA:65,0
DA:69,0
DA:71,0
DA:76,1
DA:78,1
DA:79,1
DA:82,1
DA:84,1
DA:85,1
DA:86,1
DA:87,1
DA:90,1
DA:92,2
DA:93,0
DA:98,2
DA:100,0
DA:105,3
DA:107,0
DA:111,1
DA:113,1
DA:115,1
DA:116,1
DA:117,3
DA:120,4
DA:122,1
DA:123,1
DA:125,1
DA:126,2
DA:128,1
DA:129,2
DA:133,3
DA:134,1
DA:138,2
DA:140,1
DA:145,1
DA:146,1
DA:147,1
DA:148,1
DA:149,1
DA:151,3
LF:59
LH:42
end_of_record
SF:/data/Deep_Forge/Projects/nanobot_dart/lib/src/channels/whatsapp.dart
DA:11,2
DA:22,2
DA:23,2
DA:24,2
DA:25,3
DA:26,2
DA:32,2
DA:34,1
DA:41,0
DA:43,0
DA:44,0
DA:46,0
DA:48,0
DA:51,0
DA:52,0
DA:54,0
DA:56,0
DA:57,0
DA:58,0
DA:60,0
DA:61,0
DA:64,0
DA:65,0
DA:66,0
DA:67,0
DA:70,0
DA:71,0
DA:72,0
DA:74,0
DA:75,0
DA:76,0
DA:78,0
DA:80,0
DA:81,0
DA:84,0
DA:85,0
DA:86,0
DA:91,1
DA:93,1
DA:94,1
DA:97,1
DA:99,1
DA:100,1
DA:101,1
DA:102,1
DA:105,1
DA:107,2
DA:108,0
DA:113,1
DA:115,1
DA:116,1
DA:118,4
DA:120,0
DA:124,1
DA:127,1
DA:128,1
DA:130,1
DA:131,1
DA:132,1
DA:135,3
DA:137,1
DA:141,1
DA:142,1
DA:143,1
DA:144,1
DA:147,1
DA:148,1
DA:149,2
DA:150,1
DA:151,1
DA:152,1
DA:153,4
DA:156,3
DA:160,1
DA:161,2
LF:75
LH:44
end_of_record
SF:/data/Deep_Forge/Projects/nanobot_dart/lib/src/config/config.dart
DA:5,33
DA:11,6
DA:12,3
DA:13,3
DA:14,3
DA:15,2
DA:16,2
DA:24,6
DA:25,3
DA:26,3
DA:27,3
DA:33,33
DA:39,4
DA:40,2
DA:41,2
DA:42,2
DA:43,2
DA:44,2
DA:52,6
DA:53,3
DA:54,3
DA:55,3
DA:61,33
DA:66,6
DA:67,3
DA:69,6
DA:70,3
DA:72,4
DA:78,6
DA:79,6
DA:80,6
DA:86,33
DA:94,6
DA:95,3
DA:96,3
DA:97,3
DA:98,6
DA:99,3
DA:108,6
DA:109,3
DA:110,3
DA:111,3
DA:112,3
DA:113,3
DA:119,33
DA:123,6
DA:124,3
DA:126,6
DA:131,6
DA:132,6
DA:138,33
DA:143,6
DA:144,3
DA:145,3
DA:151,6
DA:152,6
DA:153,3
DA:159,33
DA:166,3
DA:167,3
DA:168,3
DA:170,2
DA:171,2
DA:173,3
DA:175,6
DA:176,3
DA:178,2
DA:179,2
DA:181,3
DA:183,4
DA:191,6
DA:192,6
DA:193,6
DA:194,6
DA:195,6
DA:201,33
DA:206,6
DA:207,3
DA:208,3
DA:214,6
DA:215,3
DA:216,3
DA:222,33
DA:227,2
DA:228,2
DA:229,2
DA:230,2
DA:236,6
DA:237,3
DA:238,3
DA:244,33
DA:248,4
DA:249,2
DA:251,4
DA:256,6
DA:257,6
DA:263,33
DA:267,4
DA:268,2
DA:270,4
DA:275,6
DA:276,6
DA:282,5
DA:290,6
DA:291,3
DA:293,6
DA:294,3
DA:296,6
DA:297,3
DA:299,3
DA:300,3
DA:302,3
DA:304,6
DA:305,3
DA:307,4
DA:316,6
DA:317,6
DA:318,6
DA:319,6
DA:320,6
DA:321,6
DA:325,2
DA:326,6
DA:327,2
DA:328,2
DA:329,1
DA:335,1
DA:336,4
DA:337,3
DA:339,4
DA:340,0
DA:342,4
DA:343,3
DA:345,0
DA:346,0
DA:352,1
DA:353,4
DA:354,3
DA:356,0
DA:357,0
LF:140
LH:135
end_of_record
SF:/data/Deep_Forge/Projects/nanobot_dart/lib/src/config/loader.dart
DA:8,6
DA:13,1
DA:14,2
DA:16,0
DA:18,1
DA:22,2
DA:26,0
DA:27,2
DA:28,2
DA:30,2
DA:32,2
DA:33,2
DA:35,2
DA:36,4
DA:37,2
DA:42,4
DA:44,2
DA:47,2
DA:51,2
DA:53,4
DA:54,2
DA:55,2
DA:63,6
DA:64,2
DA:70,2
DA:72,8
DA:73,2
DA:76,4
DA:77,4
DA:80,2
DA:83,2
DA:85,4
DA:86,1
DA:87,4
DA:88,0
DA:89,2
DA:90,4
DA:91,2
DA:92,2
DA:94,2
DA:99,2
DA:100,0
DA:101,2
DA:103,4
DA:105,2
DA:107,4
LF:46
LH:42
end_of_record
SF:/data/Deep_Forge/Projects/nanobot_dart/lib/src/cron/service.dart
DA:14,1
DA:26,3
DA:28,3
DA:31,1
DA:32,1
DA:33,1
DA:34,1
DA:35,1
DA:36,1
DA:41,1
DA:42,1
DA:43,2
DA:44,1
DA:48,1
DA:49,1
DA:51,0
DA:52,5
DA:53,2
DA:54,2
DA:55,2
DA:56,1
DA:63,1
DA:72,1
DA:73,1
DA:74,1
DA:76,1
DA:80,1
DA:86,1
DA:87,1
DA:94,3
DA:95,3
DA:97,1
DA:98,1
DA:103,1
DA:104,1
DA:105,2
DA:106,6
DA:108,2
DA:109,3
DA:110,1
DA:111,1
DA:118,1
DA:119,2
DA:121,2
DA:123,2
DA:124,1
DA:125,2
DA:128,0
DA:131,1
DA:134,1
DA:138,1
DA:139,1
DA:141,3
DA:142,0
DA:146,5
DA:149,1
DA:150,1
DA:152,1
DA:153,4
DA:154,1
DA:155,2
DA:156,2
DA:157,3
DA:161,1
DA:163,4
DA:166,1
DA:167,2
DA:168,3
DA:169,1
DA:174,2
DA:175,3
DA:178,2
DA:181,3
DA:184,3
DA:185,0
DA:186,0
DA:195,1
DA:196,2
DA:198,1
DA:199,1
DA:201,3
DA:202,1
DA:204,3
DA:205,1
DA:206,1
DA:211,1
DA:212,1
DA:214,2
DA:215,5
DA:216,4
DA:217,1
DA:219,1
DA:220,1
DA:223,1
DA:224,1
DA:226,1
DA:227,2
DA:228,1
DA:229,1
DA:230,1
DA:231,2
DA:232,3
DA:234,1
DA:236,2
DA:237,1
DA:240,1
DA:241,1
DA:244,1
DA:245,1
DA:251,1
DA:252,2
DA:255,2
DA:256,3
DA:262,0
DA:263,0
DA:265,0
DA:270,2
DA:271,3
DA:274,1
DA:278,3
DA:279,1
DA:281,0
DA:283,2
DA:285,3
DA:289,0
DA:290,0
DA:291,0
DA:297,1
DA:298,2
DA:299,5
DA:300,1
DA:302,2
DA:303,1
DA:306,4
DA:310,1
DA:312,1
DA:313,6
LF:137
LH:125
end_of_record
SF:/data/Deep_Forge/Projects/nanobot_dart/lib/src/cron/types.freezed.dart
DA:12,1
DA:14,0
DA:17,1
DA:18,1
DA:24,0
DA:27,0
DA:28,0
DA:31,0
DA:32,0
DA:35,0
DA:38,0
DA:41,0
DA:45,0
DA:47,0
DA:67,0
DA:76,0
DA:85,0
DA:87,0
DA:90,0
DA:91,0
DA:94,0
DA:95,0
DA:98,0
DA:99,0
DA:102,0
DA:103,0
DA:130,0
DA:132,0
DA:136,0
DA:145,0
DA:147,0
DA:150,0
DA:151,0
DA:154,0
DA:155,0
DA:158,0
DA:159,0
DA:162,0
DA:163,0
DA:173,1
DA:180,1
DA:181,1
DA:205,0
DA:207,0
DA:210,0
DA:213,0
DA:214,0
DA:215,0
DA:216,0
DA:217,0
DA:218,0
DA:219,0
DA:222,0
DA:224,0
DA:228,0
DA:232,0
DA:234,1
DA:236,1
DA:277,0
DA:280,0
DA:283,1
DA:284,1
DA:290,0
DA:293,0
DA:296,0
DA:299,0
DA:302,0
DA:305,0
DA:309,0
DA:311,0
DA:327,0
DA:336,0
DA:345,0
DA:347,0
DA:351,0
DA:355,0
DA:358,0
DA:359,0
DA:362,0
DA:363,0
DA:386,0
DA:388,0
DA:392,0
DA:401,0
DA:403,0
DA:407,0
DA:411,0
DA:414,0
DA:415,0
DA:418,0
DA:419,0
DA:429,33
DA:436,1
DA:437,1
DA:462,0
DA:464,0
DA:467,0
DA:470,0
DA:471,0
DA:472,0
DA:473,0
DA:474,0
DA:475,0
DA:476,0
DA:479,0
DA:482,0
DA:486,0
DA:490,0
DA:492,1
DA:494,1
DA:533,0
DA:536,0
DA:539,1
DA:540,1
DA:545,0
DA:546,0
DA:547,0
DA:548,0
DA:549,0
DA:550,0
DA:551,0
DA:552,0
DA:555,0
DA:559,0
DA:561,0
DA:580,1
DA:589,0
DA:597,0
DA:598,0
DA:599,0
DA:602,0
DA:603,0
DA:606,0
DA:607,0
DA:610,0
DA:611,0
DA:637,1
DA:639,1
DA:643,1
DA:651,3
DA:652,1
DA:653,2
DA:656,1
DA:657,2
DA:660,1
DA:661,2
DA:664,1
DA:665,2
DA:675,33
DA:681,1
DA:682,1
DA:697,0
DA:699,0
DA:702,0
DA:705,0
DA:706,0
DA:707,0
DA:708,0
DA:709,0
DA:710,0
DA:711,0
DA:712,0
DA:713,0
DA:714,0
DA:717,0
DA:720,0
DA:724,1
DA:728,1
DA:730,1
DA:732,1
DA:764,0
DA:767,0
DA:770,1
DA:771,1
DA:776,0
DA:777,0
DA:778,0
DA:779,0
DA:780,0
DA:781,0
DA:782,0
DA:783,0
DA:784,0
DA:785,0
DA:786,0
DA:787,0
DA:790,0
DA:794,0
DA:795,0
DA:822,1
DA:831,0
DA:844,0
DA:846,0
DA:850,0
DA:854,0
DA:858,0
DA:862,0
DA:866,0
DA:870,0
DA:874,0
DA:878,0
DA:886,0
DA:889,0
DA:890,0
DA:896,0
DA:899,0
DA:900,0
DA:906,0
DA:909,0
DA:910,0
DA:945,1
DA:947,1
DA:951,1
DA:964,3
DA:966,2
DA:970,2
DA:974,2
DA:978,2
DA:982,2
DA:986,2
DA:990,0
DA:994,2
DA:998,2
DA:1008,1
DA:1019,1
DA:1020,1
DA:1047,0
DA:1049,0
DA:1052,0
DA:1055,0
DA:1056,0
DA:1057,0
DA:1058,0
DA:1059,0
DA:1060,0
DA:1061,0
DA:1062,0
DA:1063,0
DA:1064,0
DA:1065,0
DA:1066,0
DA:1067,0
DA:1068,0
DA:1069,0
DA:1072,0
DA:1074,0
DA:1075,0
DA:1079,1
DA:1083,1
DA:1085,1
DA:1087,1
DA:1132,0
DA:1135,0
DA:1138,1
DA:1139,1
DA:1144,0
DA:1145,0
DA:1148,0
DA:1152,0
DA:1154,0
DA:1168,1
DA:1177,0
DA:1183,0
DA:1185,0
DA:1189,0
DA:1211,1
DA:1213,1
DA:1217,1
DA:1223,3
DA:1225,2
DA:1229,0
DA:1239,33
DA:1242,1
DA:1243,1
DA:1249,1
DA:1252,2
DA:1254,2
DA:1257,0
DA:1259,0
DA:1262,0
DA:1265,0
DA:1266,0
DA:1267,0
DA:1268,0
DA:1271,0
DA:1273,0
DA:1274,0
DA:1278,1
DA:1282,1
DA:1284,1
DA:1286,1
DA:1306,0
DA:1309,0
LF:293
LH:77
end_of_record
SF:/data/Deep_Forge/Projects/nanobot_dart/lib/src/cron/types.dart
DA:27,1
DA:28,1
DA:51,1
DA:52,1
DA:65,1
DA:66,1
DA:84,1
DA:85,1
DA:96,1
DA:97,1
LF:10
LH:10
end_of_record
SF:/data/Deep_Forge/Projects/nanobot_dart/lib/src/cron/types.g.dart
DA:9,1
DA:10,1
DA:11,1
DA:12,1
DA:13,2
DA:14,1
DA:15,1
DA:18,1
DA:19,1
DA:20,1
DA:21,1
DA:22,1
DA:23,1
DA:24,1
DA:27,1
DA:28,1
DA:29,1
DA:30,1
DA:31,1
DA:32,1
DA:33,1
DA:36,1
DA:37,1
DA:38,1
DA:39,1
DA:40,1
DA:41,1
DA:42,1
DA:45,1
DA:46,1
DA:47,2
DA:48,1
DA:49,1
DA:50,1
DA:53,1
DA:54,1
DA:55,1
DA:56,1
DA:57,1
DA:58,1
DA:61,1
DA:62,1
DA:63,1
DA:64,1
DA:65,2
DA:66,2
DA:67,2
DA:68,1
DA:70,2
DA:71,1
DA:73,2
DA:74,1
DA:75,1
DA:78,1
DA:79,1
DA:80,1
DA:81,1
DA:82,1
DA:83,1
DA:84,1
DA:85,1
DA:86,1
DA:87,1
DA:88,1
DA:91,1
DA:92,1
DA:93,2
DA:94,1
DA:95,3
DA:96,1
DA:100,1
DA:101,1
DA:102,1
DA:103,1
LF:74
LH:74
end_of_record
SF:/data/Deep_Forge/Projects/nanobot_dart/lib/src/heartbeat/service.dart
DA:28,1
DA:44,4
DA:47,1
DA:48,1
DA:51,1
DA:55,1
DA:56,1
DA:58,5
DA:62,1
DA:63,1
DA:64,2
DA:65,1
DA:69,1
DA:70,1
DA:71,2
DA:76,1
DA:77,1
DA:80,1
DA:83,0
DA:87,1
DA:88,1
DA:89,3
DA:91,1
DA:92,2
DA:96,1
DA:97,2
DA:100,1
DA:101,1
DA:102,2
DA:110,1
DA:111,1
DA:112,1
DA:114,1
DA:122,1
DA:123,2
DA:128,1
DA:130,2
DA:131,1
DA:132,1
DA:133,1
DA:134,1
DA:135,1
LF:42
LH:41
end_of_record
SF:/data/Deep_Forge/Projects/nanobot_dart/lib/src/providers/anthropic_provider.dart
DA:7,1
DA:12,1
DA:19,1
DA:22,1
DA:25,2
DA:28,1
DA:34,1
DA:35,1
DA:40,1
DA:41,1
DA:45,2
DA:46,3
DA:47,1
DA:48,1
DA:52,1
DA:55,2
DA:56,1
DA:57,3
DA:61,2
DA:62,1
DA:64,1
DA:67,2
DA:69,2
DA:70,2
DA:71,2
DA:72,1
DA:73,1
DA:74,1
DA:75,1
DA:76,1
DA:77,1
DA:83,1
DA:84,1
DA:88,2
LF:34
LH:34
end_of_record
SF:/data/Deep_Forge/Projects/nanobot_dart/lib/src/providers/local_provider.dart
DA:19,1
DA:23,1
DA:34,1
DA:37,1
DA:40,2
DA:41,3
DA:43,2
DA:49,1
DA:55,1
DA:56,1
DA:62,1
DA:63,1
DA:67,2
DA:68,3
DA:69,1
DA:70,1
DA:73,2
DA:74,1
DA:75,3
DA:79,2
DA:80,1
DA:82,2
DA:86,1
DA:89,1
DA:94,1
DA:95,1
DA:98,1
DA:100,3
DA:101,1
DA:104,1
DA:108,0
DA:109,0
LF:32
LH:30
end_of_record
SF:/data/Deep_Forge/Projects/nanobot_dart/lib/src/providers/openai_provider.dart
DA:7,1
DA:12,1
DA:19,1
DA:22,1
DA:25,2
DA:26,3
DA:27,3
DA:29,2
DA:35,1
DA:41,1
DA:42,1
DA:46,1
DA:47,1
DA:48,1
DA:52,2
DA:53,3
DA:54,1
DA:55,2
DA:58,1
DA:61,2
DA:62,1
DA:63,3
DA:67,2
DA:68,1
DA:69,1
DA:73,1
DA:74,1
DA:76,1
DA:77,1
DA:80,1
DA:82,3
DA:83,1
DA:86,1
DA:88,2
LF:34
LH:34
end_of_record
SF:/data/Deep_Forge/Projects/nanobot_dart/lib/src/providers/openrouter_provider.dart
DA:11,1
DA:16,0
DA:30,0
DA:33,1
DA:36,2
DA:37,3
DA:38,3
DA:40,2
DA:46,1
DA:52,1
DA:53,1
DA:57,1
DA:58,1
DA:59,1
DA:63,2
DA:64,3
DA:65,1
DA:66,2
DA:71,1
DA:74,2
DA:75,1
DA:76,3
DA:80,2
DA:81,1
DA:83,2
DA:87,1
DA:88,1
DA:89,1
DA:93,1
DA:94,1
DA:96,1
DA:97,1
DA:100,1
DA:102,3
DA:103,1
DA:106,1
DA:110,0
DA:111,0
LF:38
LH:34
end_of_record
SF:/data/Deep_Forge/Projects/nanobot_dart/lib/src/session/session.dart
DA:6,4
DA:10,3
DA:11,3
DA:14,2
DA:15,1
DA:17,1
DA:18,1
DA:19,3
DA:20,1
DA:21,0
DA:34,4
DA:35,8
DA:39,2
DA:40,1
DA:41,1
DA:42,5
DA:48,4
DA:54,4
DA:55,2
DA:56,2
DA:57,4
DA:64,8
DA:65,4
DA:66,4
DA:67,8
DA:73,4
DA:80,12
DA:82,4
DA:84,8
DA:85,8
DA:89,4
DA:90,8
DA:91,6
DA:94,7
DA:95,8
DA:100,4
DA:101,12
DA:102,8
DA:105,16
DA:106,4
DA:108,8
DA:113,4
DA:116,16
DA:118,8
DA:119,12
DA:122,4
DA:125,12
DA:129,4
DA:130,8
DA:131,4
DA:133,2
DA:134,2
DA:136,2
DA:137,2
DA:139,6
DA:140,4
DA:141,2
DA:143,2
DA:144,4
DA:145,2
DA:147,4
DA:151,2
DA:155,2
DA:156,4
DA:157,4
DA:158,2
DA:159,2
DA:164,2
DA:165,4
DA:166,3
DA:168,2
DA:169,6
DA:170,6
DA:171,6
DA:172,4
LF:75
LH:74
end_of_record
SF:/data/Deep_Forge/Projects/nanobot_dart/lib/src/skills/skill.dart
DA:8,3
DA:32,2
DA:33,2
DA:34,2
DA:36,2
DA:37,2
DA:41,3
DA:43,3
DA:44,6
DA:47,6
DA:49,9
DA:51,3
DA:52,3
DA:53,3
DA:56,5
DA:57,3
DA:59,5
DA:60,3
DA:69,3
DA:70,5
DA:71,2
DA:76,2
DA:77,2
DA:80,2
DA:88,2
DA:89,0
DA:90,0
DA:92,4
DA:93,4
DA:110,0
DA:113,0
LF:31
LH:27
end_of_record
SF:/data/Deep_Forge/Projects/nanobot_dart/lib/src/agent/tools/shell.dart
DA:11,3
DA:19,2
DA:22,2
DA:26,2
DA:27,2
DA:29,2
DA:30,2
DA:34,2
DA:39,2
DA:42,1
DA:44,1
DA:45,2
DA:52,1
DA:54,1
DA:57,2
DA:59,1
DA:60,1
DA:62,1
DA:63,1
DA:64,2
DA:66,1
DA:67,3
DA:69,2
DA:70,3
DA:74,2
DA:78,2
DA:80,4
DA:84,1
DA:85,3
DA:87,0
LF:30
LH:29
end_of_record
SF:/data/Deep_Forge/Projects/nanobot_dart/lib/src/agent/tools/spawn.dart
DA:9,3
DA:39,1
DA:40,1
DA:41,1
DA:44,2
DA:47,2
DA:53,2
DA:54,2
DA:56,2
DA:57,2
DA:61,2
DA:66,2
DA:69,1
DA:71,1
DA:74,2
DA:75,1
DA:77,1
DA:78,1
LF:18
LH:18
end_of_record
